root - INFO - Init nn...
root - INFO - Training...
root - INFO - Cross validation fold 0
root - INFO - [1,    32] loss: 0.15716
root - INFO - [1,  3170] loss: 0.15858
root - INFO - [1,  6309] loss: 0.15716
root - INFO - [1,  9453] loss: 0.15589
root - INFO - [1, 12581] loss: 0.15625
root - INFO - [1, 15698] loss: 0.15659
root - INFO - [1, 18838] loss: 0.15658
root - INFO - [1, 21951] loss: 0.15650
root - INFO - [1, 25096] loss: 0.15642
root - INFO - [1, 28259] loss: 0.15592
root - INFO - [1, 31395] loss: 0.15564
root - INFO - [1, 34544] loss: 0.15530
root - INFO - [1, 37675] loss: 0.15522
root - INFO - [1, 40845] loss: 0.15510
root - INFO - [1, 44026] loss: 0.15500
root - INFO - [1, 47148] loss: 0.15503
root - INFO - [1, 50297] loss: 0.15494
root - INFO - [1, 53466] loss: 0.15473
root - INFO - [1, 56597] loss: 0.15485
root - INFO - [1, 59772] loss: 0.15461
root - INFO - [1, 62886] loss: 0.15465
root - INFO - [1, 66051] loss: 0.15443
root - INFO - [1, 69201] loss: 0.15409
root - INFO - [1, 72349] loss: 0.15404
root - INFO - [1, 75438] loss: 0.15399
root - INFO - [1, 78608] loss: 0.15380
root - INFO - [1, 81738] loss: 0.15390
root - INFO - [1, 84880] loss: 0.15367
root - INFO - [1, 88022] loss: 0.15332
root - INFO - [1, 91205] loss: 0.15320
root - INFO - [1, 94361] loss: 0.15295
root - INFO - [1, 97486] loss: 0.15281
root - INFO - [1, 100639] loss: 0.15262
root - INFO - [1, 103812] loss: 0.15236
root - INFO - [1, 106990] loss: 0.15217
root - INFO - [1, 110131] loss: 0.15198
root - INFO - [1, 113278] loss: 0.15198
root - INFO - [1, 116436] loss: 0.15194
root - INFO - [1, 119571] loss: 0.15181
root - INFO - [1, 122707] loss: 0.15163
root - INFO - [1, 125874] loss: 0.15134
root - INFO - [1, 129024] loss: 0.15114
root - INFO - [1, 132129] loss: 0.15106
root - INFO - [1, 135272] loss: 0.15100
root - INFO - [1, 138401] loss: 0.15079
root - INFO - [1, 141531] loss: 0.15051
root - INFO - [1, 144696] loss: 0.15058
root - INFO - [1, 147834] loss: 0.15045
root - INFO - [1, 150985] loss: 0.15032
root - INFO - [1, 154132] loss: 0.14996
root - INFO - [1, 157311] loss: 0.14963
root - INFO - [1, 160414] loss: 0.14964
root - INFO - [1, 163570] loss: 0.14941
root - INFO - [1, 166741] loss: 0.14925
root - INFO - [1, 169881] loss: 0.14914
root - INFO - [1, 173045] loss: 0.14898
root - INFO - [1, 176211] loss: 0.14882
root - INFO - [1, 179372] loss: 0.14862
root - INFO - [1, 182501] loss: 0.14861
root - INFO - [1, 185630] loss: 0.14848
root - INFO - [1, 188746] loss: 0.14831
root - INFO - [1, 191884] loss: 0.14828
root - INFO - [1, 195048] loss: 0.14808
root - INFO - [1, 198196] loss: 0.14794
root - INFO - [1, 201351] loss: 0.14782
root - INFO - [1, 204510] loss: 0.14775
root - INFO - [1, 207678] loss: 0.14755
root - INFO - [1, 210843] loss: 0.14738
root - INFO - [1, 214008] loss: 0.14736
root - INFO - [1, 217144] loss: 0.14743
root - INFO - [1, 220276] loss: 0.14731
root - INFO - [1, 223412] loss: 0.14707
root - INFO - [1, 226572] loss: 0.14698
root - INFO - [1, 229697] loss: 0.14679
root - INFO - [1, 232864] loss: 0.14660
root - INFO - [1, 236007] loss: 0.14644
root - INFO - [1, 239179] loss: 0.14627
root - INFO - [1, 242340] loss: 0.14609
root - INFO - [1, 245521] loss: 0.14606
root - INFO - [1, 248636] loss: 0.14584
root - INFO - [1, 251773] loss: 0.14568
root - INFO - [1, 254925] loss: 0.14556
root - INFO - [1, 258058] loss: 0.14541
root - INFO - [1, 261227] loss: 0.14531
root - INFO - [1, 264361] loss: 0.14517
root - INFO - [1, 267508] loss: 0.14508
root - INFO - [1, 270644] loss: 0.14506
root - INFO - [1, 273812] loss: 0.14512
root - INFO - [1, 276958] loss: 0.14515
root - INFO - [1, 280110] loss: 0.14498
root - INFO - [1, 283285] loss: 0.14491
root - INFO - [1, 286425] loss: 0.14478
root - INFO - [1, 289582] loss: 0.14482
root - INFO - [1, 292738] loss: 0.14476
root - INFO - [1, 295880] loss: 0.14462
root - INFO - [1, 299033] loss: 0.14450
root - INFO - [1, 302174] loss: 0.14445
root - INFO - [1, 305288] loss: 0.14436
root - INFO - [1, 308467] loss: 0.14428
root - INFO - [1, 311605] loss: 0.14436
root - INFO - [1, 314766] loss: 0.14443
root - INFO - [1, 317888] loss: 0.14437
root - INFO - [1, 321037] loss: 0.14437
root - INFO - [1, 324145] loss: 0.14428
root - INFO - [1, 327314] loss: 0.14421
root - INFO - [1, 330448] loss: 0.14416
root - INFO - [1, 333611] loss: 0.14412
root - INFO - [1, 336771] loss: 0.14409
root - INFO - [1, 339905] loss: 0.14410
root - INFO - [1, 343061] loss: 0.14403
root - INFO - [1, 346204] loss: 0.14399
root - INFO - [1, 349346] loss: 0.14397
root - INFO - [1, 352502] loss: 0.14386
root - INFO - [1, 355627] loss: 0.14366
root - INFO - [1, 358751] loss: 0.14365
root - INFO - [1, 361906] loss: 0.14362
root - INFO - [1, 365054] loss: 0.14353
root - INFO - [1, 368215] loss: 0.14357
root - INFO - [1, 371369] loss: 0.14347
root - INFO - [1, 374505] loss: 0.14345
root - INFO - [1, 377645] loss: 0.14334
root - INFO - [1, 380795] loss: 0.14332
root - INFO - [1, 383929] loss: 0.14330
root - INFO - [1, 387103] loss: 0.14323
root - INFO - [1, 390237] loss: 0.14319
root - INFO - [1, 393407] loss: 0.14314
root - INFO - [1, 396576] loss: 0.14302
root - INFO - [1, 399717] loss: 0.14294
root - INFO - [1, 402843] loss: 0.14283
root - INFO - [1, 405994] loss: 0.14268
root - INFO - [1, 409139] loss: 0.14267
root - INFO - [1, 412280] loss: 0.14262
root - INFO - [1, 415425] loss: 0.14252
root - INFO - [1, 418579] loss: 0.14246
root - INFO - [1, 421733] loss: 0.14247
root - INFO - [1, 424880] loss: 0.14250
root - INFO - [1, 428001] loss: 0.14245
root - INFO - [1, 431171] loss: 0.14237
root - INFO - [1, 434298] loss: 0.14235
root - INFO - [1, 437438] loss: 0.14230
root - INFO - [1, 440605] loss: 0.14221
root - INFO - [1, 443771] loss: 0.14218
root - INFO - [1, 446903] loss: 0.14211
root - INFO - [1, 450013] loss: 0.14206
root - INFO - [1, 453170] loss: 0.14206
root - INFO - [1, 456324] loss: 0.14199
root - INFO - [1, 459461] loss: 0.14196
root - INFO - [1, 462597] loss: 0.14194
root - INFO - [1, 465736] loss: 0.14188
root - INFO - [1, 468881] loss: 0.14187
root - INFO - [1, 472048] loss: 0.14183
root - INFO - [1, 475195] loss: 0.14175
root - INFO - [1, 478339] loss: 0.14172
root - INFO - [1, 481480] loss: 0.14168
root - INFO - [1, 484644] loss: 0.14157
root - INFO - [1, 487782] loss: 0.14149
root - INFO - [1, 490953] loss: 0.14136
root - INFO - [1, 494098] loss: 0.14134
root - INFO - [1, 497261] loss: 0.14128
root - INFO - [1, 500390] loss: 0.14119
root - INFO - [1, 503505] loss: 0.14119
root - INFO - [1, 506666] loss: 0.14115
root - INFO - [1, 509822] loss: 0.14113
root - INFO - [1, 512973] loss: 0.14105
root - INFO - [1, 516124] loss: 0.14099
root - INFO - [1, 519283] loss: 0.14089
root - INFO - [1, 522428] loss: 0.14084
root - INFO - [1, 525597] loss: 0.14077
root - INFO - [1, 528761] loss: 0.14065
root - INFO - [1, 531879] loss: 0.14067
root - INFO - [1, 535007] loss: 0.14060
root - INFO - [1, 538188] loss: 0.14052
root - INFO - [1, 541353] loss: 0.14046
root - INFO - [1, 544533] loss: 0.14042
root - INFO - [1, 547698] loss: 0.14039
root - INFO - [1, 550839] loss: 0.14031
root - INFO - [1, 553941] loss: 0.14021
root - INFO - [1, 557100] loss: 0.14011
root - INFO - [1, 560271] loss: 0.14005
root - INFO - [1, 563379] loss: 0.14002
root - INFO - [1, 566494] loss: 0.13996
root - INFO - [1, 569622] loss: 0.13987
root - INFO - [1, 572750] loss: 0.13978
root - INFO - [1, 575893] loss: 0.13974
root - INFO - [1, 579024] loss: 0.13968
root - INFO - [1, 582132] loss: 0.13959
root - INFO - [1, 585260] loss: 0.13952
root - INFO - [1, 588405] loss: 0.13948
root - INFO - [1, 591549] loss: 0.13943
root - INFO - [1, 594693] loss: 0.13939
root - INFO - [1, 597829] loss: 0.13931
root - INFO - [1, 600968] loss: 0.13925
root - INFO - [1, 604129] loss: 0.13920
root - INFO - [1, 607293] loss: 0.13914
root - INFO - [1, 610400] loss: 0.13908
root - INFO - [1, 613529] loss: 0.13900
root - INFO - [1, 616687] loss: 0.13889
root - INFO - [1, 619829] loss: 0.13882
root - INFO - [1, 622979] loss: 0.13876
root - INFO - [1, 626132] loss: 0.13868
root - INFO - [1, 629244] loss: 0.13863
root - INFO - [1, 632401] loss: 0.13857
root - INFO - [1, 635573] loss: 0.13852
root - INFO - [1, 638718] loss: 0.13846
root - INFO - [1, 641861] loss: 0.13840
root - INFO - [1, 645000] loss: 0.13827
root - INFO - [1, 648151] loss: 0.13819
root - INFO - [1, 651285] loss: 0.13814
root - INFO - [1, 654447] loss: 0.13802
root - INFO - [1, 657600] loss: 0.13793
root - INFO - [1, 660755] loss: 0.13784
root - INFO - [1, 663936] loss: 0.13771
root - INFO - [1, 667080] loss: 0.13762
root - INFO - [1, 670247] loss: 0.13752
root - INFO - [1, 673372] loss: 0.13742
root - INFO - [1, 676531] loss: 0.13736
root - INFO - [1, 679715] loss: 0.13729
root - INFO - [1, 682823] loss: 0.13724
root - INFO - [1, 685985] loss: 0.13715
root - INFO - [1, 689101] loss: 0.13708
root - INFO - [1, 692236] loss: 0.13700
root - INFO - [1, 695368] loss: 0.13687
root - INFO - [1, 698526] loss: 0.13675
root - INFO - [1, 701684] loss: 0.13664
root - INFO - [1, 704832] loss: 0.13652
root - INFO - [1, 707987] loss: 0.13641
root - INFO - @@@@@@@@@@@ Validation @@@@@@@@@@@@
root - INFO - Accuracy: [0.83360765 0.85403477 0.56777051 0.8770759  0.87280098]
root - INFO - Sepci: [0.91165717 0.9998312  0.26208786 0.99988471 0.99964156]
root - INFO - Recall: [4.74487388e-01 1.15556469e-04 9.81173631e-01 1.03562236e-03
 5.43055494e-03]
root - INFO - Precision: [0.53859708 0.10465116 0.49576233 0.55737705 0.68901304]
root - INFO - F1: [5.04513748e-01 2.30858022e-04 6.58700094e-01 2.06740343e-03
 1.07761759e-02]
root - INFO - @@@@@@@@@@@@@@@@@@@@@@@@@@@@@@@@@@@
root - INFO - [2,    32] loss: 0.12363
root - INFO - [2,  3170] loss: 0.11008
root - INFO - [2,  6309] loss: 0.11473
root - INFO - [2,  9453] loss: 0.11113
root - INFO - [2, 12581] loss: 0.11204
root - INFO - [2, 15698] loss: 0.11168
root - INFO - [2, 18838] loss: 0.11157
root - INFO - [2, 21951] loss: 0.11183
root - INFO - [2, 25096] loss: 0.11247
root - INFO - [2, 28259] loss: 0.11195
root - INFO - [2, 31395] loss: 0.11195
root - INFO - [2, 34544] loss: 0.11115
root - INFO - [2, 37675] loss: 0.11092
root - INFO - [2, 40845] loss: 0.11145
root - INFO - [2, 44026] loss: 0.11128
root - INFO - [2, 47148] loss: 0.11118
root - INFO - [2, 50297] loss: 0.11106
root - INFO - [2, 53466] loss: 0.11082
root - INFO - [2, 56597] loss: 0.11133
root - INFO - [2, 59772] loss: 0.11113
root - INFO - [2, 62886] loss: 0.11105
root - INFO - [2, 66051] loss: 0.11076
root - INFO - [2, 69201] loss: 0.11061
root - INFO - [2, 72349] loss: 0.11080
root - INFO - [2, 75438] loss: 0.11059
root - INFO - [2, 78608] loss: 0.11062
root - INFO - [2, 81738] loss: 0.11066
root - INFO - [2, 84880] loss: 0.11059
root - INFO - [2, 88022] loss: 0.11027
root - INFO - [2, 91205] loss: 0.11035
root - INFO - [2, 94361] loss: 0.11014
root - INFO - [2, 97486] loss: 0.11013
root - INFO - [2, 100639] loss: 0.10993
root - INFO - [2, 103812] loss: 0.10964
root - INFO - [2, 106990] loss: 0.10948
root - INFO - [2, 110131] loss: 0.10933
root - INFO - [2, 113278] loss: 0.10965
root - INFO - [2, 116436] loss: 0.10984
root - INFO - [2, 119571] loss: 0.10989
root - INFO - [2, 122707] loss: 0.10987
root - INFO - [2, 125874] loss: 0.10993
root - INFO - [2, 129024] loss: 0.10993
root - INFO - [2, 132129] loss: 0.10977
root - INFO - [2, 135272] loss: 0.10947
root - INFO - [2, 138401] loss: 0.10959
root - INFO - [2, 141531] loss: 0.10928
root - INFO - [2, 144696] loss: 0.10975
root - INFO - [2, 147834] loss: 0.10977
root - INFO - [2, 150985] loss: 0.10976
root - INFO - [2, 154132] loss: 0.10947
root - INFO - [2, 157311] loss: 0.10924
root - INFO - [2, 160414] loss: 0.10922
root - INFO - [2, 163570] loss: 0.10913
root - INFO - [2, 166741] loss: 0.10890
root - INFO - [2, 169881] loss: 0.10879
root - INFO - [2, 173045] loss: 0.10863
root - INFO - [2, 176211] loss: 0.10860
root - INFO - [2, 179372] loss: 0.10845
root - INFO - [2, 182501] loss: 0.10844
root - INFO - [2, 185630] loss: 0.10845
root - INFO - [2, 188746] loss: 0.10817
root - INFO - [2, 191884] loss: 0.10813
root - INFO - [2, 195048] loss: 0.10812
root - INFO - [2, 198196] loss: 0.10803
root - INFO - [2, 201351] loss: 0.10804
root - INFO - [2, 204510] loss: 0.10787
root - INFO - [2, 207678] loss: 0.10783
root - INFO - [2, 210843] loss: 0.10778
root - INFO - [2, 214008] loss: 0.10786
root - INFO - [2, 217144] loss: 0.10801
root - INFO - [2, 220276] loss: 0.10789
root - INFO - [2, 223412] loss: 0.10773
root - INFO - [2, 226572] loss: 0.10772
root - INFO - [2, 229697] loss: 0.10773
root - INFO - [2, 232864] loss: 0.10755
root - INFO - [2, 236007] loss: 0.10753
root - INFO - [2, 239179] loss: 0.10740
root - INFO - [2, 242340] loss: 0.10723
root - INFO - [2, 245521] loss: 0.10707
root - INFO - [2, 248636] loss: 0.10691
root - INFO - [2, 251773] loss: 0.10669
root - INFO - [2, 254925] loss: 0.10663
root - INFO - [2, 258058] loss: 0.10663
root - INFO - [2, 261227] loss: 0.10660
root - INFO - [2, 264361] loss: 0.10647
root - INFO - [2, 267508] loss: 0.10640
root - INFO - [2, 270644] loss: 0.10642
root - INFO - [2, 273812] loss: 0.10645
root - INFO - [2, 276958] loss: 0.10661
root - INFO - [2, 280110] loss: 0.10659
root - INFO - [2, 283285] loss: 0.10657
root - INFO - [2, 286425] loss: 0.10649
root - INFO - [2, 289582] loss: 0.10653
root - INFO - [2, 292738] loss: 0.10655
root - INFO - [2, 295880] loss: 0.10644
root - INFO - [2, 299033] loss: 0.10637
root - INFO - [2, 302174] loss: 0.10637
root - INFO - [2, 305288] loss: 0.10638
root - INFO - [2, 308467] loss: 0.10623
root - INFO - [2, 311605] loss: 0.10614
root - INFO - [2, 314766] loss: 0.10623
root - INFO - [2, 317888] loss: 0.10615
root - INFO - [2, 321037] loss: 0.10614
root - INFO - [2, 324145] loss: 0.10621
root - INFO - [2, 327314] loss: 0.10609
root - INFO - [2, 330448] loss: 0.10605
root - INFO - [2, 333611] loss: 0.10603
root - INFO - [2, 336771] loss: 0.10595
root - INFO - [2, 339905] loss: 0.10582
root - INFO - [2, 343061] loss: 0.10573
root - INFO - [2, 346204] loss: 0.10580
root - INFO - [2, 349346] loss: 0.10577
root - INFO - [2, 352502] loss: 0.10576
root - INFO - [2, 355627] loss: 0.10569
root - INFO - [2, 358751] loss: 0.10569
root - INFO - [2, 361906] loss: 0.10569
root - INFO - [2, 365054] loss: 0.10554
root - INFO - [2, 368215] loss: 0.10559
root - INFO - [2, 371369] loss: 0.10555
root - INFO - [2, 374505] loss: 0.10562
root - INFO - [2, 377645] loss: 0.10555
root - INFO - [2, 380795] loss: 0.10555
root - INFO - [2, 383929] loss: 0.10556
root - INFO - [2, 387103] loss: 0.10559
root - INFO - [2, 390237] loss: 0.10559
root - INFO - [2, 393407] loss: 0.10556
root - INFO - [2, 396576] loss: 0.10550
root - INFO - [2, 399717] loss: 0.10547
root - INFO - [2, 402843] loss: 0.10542
root - INFO - [2, 405994] loss: 0.10536
root - INFO - [2, 409139] loss: 0.10538
root - INFO - [2, 412280] loss: 0.10536
root - INFO - [2, 415425] loss: 0.10532
root - INFO - [2, 418579] loss: 0.10535
root - INFO - [2, 421733] loss: 0.10534
root - INFO - [2, 424880] loss: 0.10540
root - INFO - [2, 428001] loss: 0.10534
root - INFO - [2, 431171] loss: 0.10521
root - INFO - [2, 434298] loss: 0.10515
root - INFO - [2, 437438] loss: 0.10512
root - INFO - [2, 440605] loss: 0.10508
root - INFO - [2, 443771] loss: 0.10517
root - INFO - [2, 446903] loss: 0.10510
root - INFO - [2, 450013] loss: 0.10503
root - INFO - [2, 453170] loss: 0.10510
root - INFO - [2, 456324] loss: 0.10506
root - INFO - [2, 459461] loss: 0.10507
root - INFO - [2, 462597] loss: 0.10509
root - INFO - [2, 465736] loss: 0.10502
root - INFO - [2, 468881] loss: 0.10500
root - INFO - [2, 472048] loss: 0.10496
root - INFO - [2, 475195] loss: 0.10490
root - INFO - [2, 478339] loss: 0.10494
root - INFO - [2, 481480] loss: 0.10496
root - INFO - [2, 484644] loss: 0.10495
root - INFO - [2, 487782] loss: 0.10491
root - INFO - [2, 490953] loss: 0.10492
root - INFO - [2, 494098] loss: 0.10492
root - INFO - [2, 497261] loss: 0.10485
root - INFO - [2, 500390] loss: 0.10482
root - INFO - [2, 503505] loss: 0.10484
root - INFO - [2, 506666] loss: 0.10481
root - INFO - [2, 509822] loss: 0.10481
root - INFO - [2, 512973] loss: 0.10477
root - INFO - [2, 516124] loss: 0.10475
root - INFO - [2, 519283] loss: 0.10474
root - INFO - [2, 522428] loss: 0.10479
root - INFO - [2, 525597] loss: 0.10482
root - INFO - [2, 528761] loss: 0.10480
root - INFO - [2, 531879] loss: 0.10486
root - INFO - [2, 535007] loss: 0.10481
root - INFO - [2, 538188] loss: 0.10475
root - INFO - [2, 541353] loss: 0.10470
root - INFO - [2, 544533] loss: 0.10465
root - INFO - [2, 547698] loss: 0.10463
root - INFO - [2, 550839] loss: 0.10463
root - INFO - [2, 553941] loss: 0.10457
root - INFO - [2, 557100] loss: 0.10449
root - INFO - [2, 560271] loss: 0.10445
root - INFO - [2, 563379] loss: 0.10450
root - INFO - [2, 566494] loss: 0.10445
root - INFO - [2, 569622] loss: 0.10439
root - INFO - [2, 572750] loss: 0.10439
root - INFO - [2, 575893] loss: 0.10441
root - INFO - [2, 579024] loss: 0.10438
root - INFO - [2, 582132] loss: 0.10429
root - INFO - [2, 585260] loss: 0.10430
root - INFO - [2, 588405] loss: 0.10432
root - INFO - [2, 591549] loss: 0.10426
root - INFO - [2, 594693] loss: 0.10424
root - INFO - [2, 597829] loss: 0.10420
root - INFO - [2, 600968] loss: 0.10421
root - INFO - [2, 604129] loss: 0.10421
root - INFO - [2, 607293] loss: 0.10422
root - INFO - [2, 610400] loss: 0.10420
root - INFO - [2, 613529] loss: 0.10416
root - INFO - [2, 616687] loss: 0.10409
root - INFO - [2, 619829] loss: 0.10403
root - INFO - [2, 622979] loss: 0.10401
root - INFO - [2, 626132] loss: 0.10399
root - INFO - [2, 629244] loss: 0.10398
root - INFO - [2, 632401] loss: 0.10400
root - INFO - [2, 635573] loss: 0.10404
root - INFO - [2, 638718] loss: 0.10403
root - INFO - [2, 641861] loss: 0.10403
root - INFO - [2, 645000] loss: 0.10401
root - INFO - [2, 648151] loss: 0.10405
root - INFO - [2, 651285] loss: 0.10407
root - INFO - [2, 654447] loss: 0.10400
root - INFO - [2, 657600] loss: 0.10397
root - INFO - [2, 660755] loss: 0.10397
root - INFO - [2, 663936] loss: 0.10389
root - INFO - [2, 667080] loss: 0.10388
root - INFO - [2, 670247] loss: 0.10384
root - INFO - [2, 673372] loss: 0.10382
root - INFO - [2, 676531] loss: 0.10385
root - INFO - [2, 679715] loss: 0.10385
root - INFO - [2, 682823] loss: 0.10385
root - INFO - [2, 685985] loss: 0.10381
root - INFO - [2, 689101] loss: 0.10382
root - INFO - [2, 692236] loss: 0.10377
root - INFO - [2, 695368] loss: 0.10367
root - INFO - [2, 698526] loss: 0.10363
root - INFO - [2, 701684] loss: 0.10355
root - INFO - [2, 704832] loss: 0.10351
root - INFO - [2, 707987] loss: 0.10348
